<?xml version="1.0" encoding="UTF-8"?>
<!-- Generated by org.testng.reporters.JUnitReportReporter -->
<testsuite skipped="0" hostname="2DI5041-PC" name="Module1.FirstPage" tests="1" failures="0" timestamp="29 Sep 2021 05:34:29 GMT" time="0.011" errors="0">
  <testcase name="HomeScreen" time="0.011" classname="Module1.FirstPage"/>
</testsuite> <!-- Module1.FirstPage -->
