<?xml version="1.0" encoding="UTF-8"?>
<!-- Generated by org.testng.reporters.JUnitReportReporter -->
<testsuite skipped="0" hostname="2DI5041-PC" name="Module1.FirstPage" tests="1" failures="0" timestamp="23 Sep 2021 06:26:21 GMT" time="0.008" errors="0">
  <testcase name="HomeScreen" time="0.008" classname="Module1.FirstPage"/>
</testsuite> <!-- Module1.FirstPage -->
